Release 14.7 - xst P.20131013 (lin64)
Copyright (c) 1995-2013 Xilinx, Inc.  All rights reserved.
--> 
Parameter TMPDIR set to xst/projnav.tmp


Total REAL time to Xst completion: 0.00 secs
Total CPU time to Xst completion: 0.06 secs
 
--> 
Parameter xsthdpdir set to xst


Total REAL time to Xst completion: 0.00 secs
Total CPU time to Xst completion: 0.06 secs
 
--> 
Reading design: led.prj

TABLE OF CONTENTS
  1) Synthesis Options Summary
  2) HDL Compilation
  3) Design Hierarchy Analysis
  4) HDL Analysis
  5) HDL Synthesis
     5.1) HDL Synthesis Report
  6) Advanced HDL Synthesis
     6.1) Advanced HDL Synthesis Report
  7) Low Level Synthesis
  8) Partition Report
  9) Final Report
	9.1) Device utilization summary
	9.2) Partition Resource Summary
	9.3) TIMING REPORT


=========================================================================
*                      Synthesis Options Summary                        *
=========================================================================
---- Source Parameters
Input File Name                    : "led.prj"
Input Format                       : mixed
Ignore Synthesis Constraint File   : NO

---- Target Parameters
Output File Name                   : "led"
Output Format                      : NGC
Target Device                      : xc3s50a-4-tq144

---- Source Options
Top Module Name                    : led
Automatic FSM Extraction           : YES
FSM Encoding Algorithm             : Auto
Safe Implementation                : No
FSM Style                          : LUT
RAM Extraction                     : Yes
RAM Style                          : Auto
ROM Extraction                     : Yes
Mux Style                          : Auto
Decoder Extraction                 : YES
Priority Encoder Extraction        : Yes
Shift Register Extraction          : YES
Logical Shifter Extraction         : YES
XOR Collapsing                     : YES
ROM Style                          : Auto
Mux Extraction                     : Yes
Resource Sharing                   : YES
Asynchronous To Synchronous        : NO
Multiplier Style                   : Auto
Automatic Register Balancing       : No

---- Target Options
Add IO Buffers                     : YES
Global Maximum Fanout              : 100000
Add Generic Clock Buffer(BUFG)     : 24
Register Duplication               : YES
Slice Packing                      : YES
Optimize Instantiated Primitives   : NO
Use Clock Enable                   : Yes
Use Synchronous Set                : Yes
Use Synchronous Reset              : Yes
Pack IO Registers into IOBs        : Auto
Equivalent register Removal        : YES

---- General Options
Optimization Goal                  : Speed
Optimization Effort                : 1
Keep Hierarchy                     : No
Netlist Hierarchy                  : As_Optimized
RTL Output                         : Yes
Global Optimization                : AllClockNets
Read Cores                         : YES
Write Timing Constraints           : NO
Cross Clock Analysis               : NO
Hierarchy Separator                : /
Bus Delimiter                      : <>
Case Specifier                     : Maintain
Slice Utilization Ratio            : 100
BRAM Utilization Ratio             : 100
Verilog 2001                       : YES
Auto BRAM Packing                  : NO
Slice Utilization Ratio Delta      : 5

=========================================================================


=========================================================================
*                          HDL Compilation                              *
=========================================================================
Compiling verilog file "../../quadDec/counter.v" in library work
Compiling verilog file "../../quadDec/quadDecode.v" in library work
Module <counter> compiled
Compiling verilog file "../../quadDec/Binary_to_BCD.v" in library work
Module <quadDecode> compiled
Compiling verilog file "led.v" in library work
Module <Binary_to_BCD> compiled
Module <led> compiled
No errors in compilation
Analysis of file <"led.prj"> succeeded.
 

=========================================================================
*                     Design Hierarchy Analysis                         *
=========================================================================
Analyzing hierarchy for module <led> in library <work> with parameters.
	button0 = "111110"
	button1 = "111101"
	button2 = "111011"
	s_Idle = "00"
	s_Segment1 = "01"
	s_Segment2 = "10"
	s_Segment3 = "11"

Analyzing hierarchy for module <Binary_to_BCD> in library <work> with parameters.
	DECIMAL_DIGITS = "00000000000000000000000000000100"
	INPUT_WIDTH = "00000000000000000000000000001101"
	s_ADD = "011"
	s_BCD_DONE = "101"
	s_CHECK_DIGIT_INDEX = "100"
	s_CHECK_SHIFT_INDEX = "010"
	s_IDLE = "000"
	s_SHIFT = "001"

Analyzing hierarchy for module <quadDecode> in library <work> with parameters.
	N = "00000000000000000000000000010000"
	debounceThresh = "00000000000000000000000000001010"

Analyzing hierarchy for module <counter> in library <work> with parameters.
	N = "00000000000000000000000000010000"


=========================================================================
*                            HDL Analysis                               *
=========================================================================
Analyzing top module <led>.
	button0 = 6'b111110
	button1 = 6'b111101
	button2 = 6'b111011
	s_Idle = 2'b00
	s_Segment1 = 2'b01
	s_Segment2 = 2'b10
	s_Segment3 = 2'b11
WARNING:Xst:852 - "led.v" line 144: Unconnected input port 'sClr' of instance 'decoder' is tied to GND.
WARNING:Xst:852 - "led.v" line 144: Unconnected input port 'setOrigin' of instance 'decoder' is tied to GND.
Module <led> is correct for synthesis.
 
Analyzing module <Binary_to_BCD> in library <work>.
	DECIMAL_DIGITS = 32'b00000000000000000000000000000100
	INPUT_WIDTH = 32'b00000000000000000000000000001101
	s_ADD = 3'b011
	s_BCD_DONE = 3'b101
	s_CHECK_DIGIT_INDEX = 3'b100
	s_CHECK_SHIFT_INDEX = 3'b010
	s_IDLE = 3'b000
	s_SHIFT = 3'b001
WARNING:Xst:790 - "../../quadDec/Binary_to_BCD.v" line 163: Index value(s) does not match array range, simulation mismatch.
Module <Binary_to_BCD> is correct for synthesis.
 
Analyzing module <quadDecode> in library <work>.
	N = 32'sb00000000000000000000000000010000
	debounceThresh = 32'sb00000000000000000000000000001010
Module <quadDecode> is correct for synthesis.
 
Analyzing module <counter> in library <work>.
	N = 32'sb00000000000000000000000000010000
Module <counter> is correct for synthesis.
 

=========================================================================
*                           HDL Synthesis                               *
=========================================================================

Performing bidirectional port resolution...

Synthesizing Unit <Binary_to_BCD>.
    Related source file is "../../quadDec/Binary_to_BCD.v".
WARNING:Xst:646 - Signal <r_Digit_Index_Origin> is assigned but never used. This unconnected signal will be trimmed during the optimization process.
WARNING:Xst:1780 - Signal <r_Digit_Index_Offset> is never used or assigned. This unconnected signal will be trimmed during the optimization process.
WARNING:Xst:1872 - Variable <i> is used but never assigned.
    Found finite state machine <FSM_0> for signal <r_SM_Main>.
    -----------------------------------------------------------------------
    | States             | 6                                              |
    | Transitions        | 8                                              |
    | Inputs             | 2                                              |
    | Outputs            | 6                                              |
    | Clock              | i_Clock                   (rising_edge)        |
    | Power Up State     | 000                                            |
    | Encoding           | automatic                                      |
    | Implementation     | LUT                                            |
    -----------------------------------------------------------------------
    Found 4-bit adder carry out for signal <add0000$addsub0000> created at line 121.
    Found 16-bit register for signal <r_BCD>.
    Found 4-bit comparator greater for signal <r_BCD_15$cmp_gt0000> created at line 118.
    Found 13-bit register for signal <r_Binary>.
    Found 4-bit up counter for signal <r_Digit_Index>.
    Found 1-bit register for signal <r_DV>.
    Found 8-bit up counter for signal <r_Loop_Count>.
    Found 4-bit 4-to-1 multiplexer for signal <w_BCD_Digit>.
    Summary:
	inferred   1 Finite State Machine(s).
	inferred   2 Counter(s).
	inferred  30 D-type flip-flop(s).
	inferred   1 Adder/Subtractor(s).
	inferred   1 Comparator(s).
	inferred   4 Multiplexer(s).
Unit <Binary_to_BCD> synthesized.


Synthesizing Unit <counter>.
    Related source file is "../../quadDec/counter.v".
    Found 16-bit updown counter for signal <Out>.
    Summary:
	inferred   1 Counter(s).
Unit <counter> synthesized.


Synthesizing Unit <quadDecode>.
    Related source file is "../../quadDec/quadDecode.v".
WARNING:Xst:647 - Input <sClr> is never used. This port will be preserved and left unconnected if it belongs to a top-level block or it belongs to a sub-block and the hierarchy of this sub-block is preserved.
WARNING:Xst:1780 - Signal <counter> is never used or assigned. This unconnected signal will be trimmed during the optimization process.
WARNING:Xst:646 - Signal <a_prev> is assigned but never used. This unconnected signal will be trimmed during the optimization process.
    Found 1-bit register for signal <direction>.
    Found 2-bit register for signal <a_new>.
    Found 2-bit register for signal <b_new>.
    Found 1-bit register for signal <b_prev>.
    Found 1-bit xor2 for signal <direction$xor0000> created at line 65.
    Found 1-bit register for signal <newValueDetected>.
    Found 1-bit xor2 for signal <or0000$xor0000> created at line 37.
    Found 1-bit xor2 for signal <or0000$xor0001> created at line 37.
    Summary:
	inferred   7 D-type flip-flop(s).
Unit <quadDecode> synthesized.


Synthesizing Unit <led>.
    Related source file is "led.v".
WARNING:Xst:647 - Input <Switch> is never used. This port will be preserved and left unconnected if it belongs to a top-level block or it belongs to a sub-block and the hierarchy of this sub-block is preserved.
WARNING:Xst:646 - Signal <w_Direction> is assigned but never used. This unconnected signal will be trimmed during the optimization process.
WARNING:Xst:1780 - Signal <value> is never used or assigned. This unconnected signal will be trimmed during the optimization process.
WARNING:Xst:1780 - Signal <start> is never used or assigned. This unconnected signal will be trimmed during the optimization process.
WARNING:Xst:646 - Signal <r_displayValue<15:12>> is assigned but never used. This unconnected signal will be trimmed during the optimization process.
WARNING:Xst:646 - Signal <Clk_23> is assigned but never used. This unconnected signal will be trimmed during the optimization process.
    Found finite state machine <FSM_1> for signal <s_Main>.
    -----------------------------------------------------------------------
    | States             | 4                                              |
    | Transitions        | 4                                              |
    | Inputs             | 0                                              |
    | Outputs            | 3                                              |
    | Clock              | o_Clk_5                   (rising_edge)        |
    | Power Up State     | 00                                             |
    | Encoding           | automatic                                      |
    | Implementation     | LUT                                            |
    -----------------------------------------------------------------------
    Found 1-bit register for signal <Clk_10>.
    Found 1-bit register for signal <Clk_5>.
    Found 24-bit up counter for signal <counter>.
    Found 16-bit register for signal <r_displayValue>.
    Found 3-bit register for signal <r_Enable>.
    Found 8-bit register for signal <r_SevenSegment>.
    Summary:
	inferred   1 Finite State Machine(s).
	inferred   1 Counter(s).
	inferred  29 D-type flip-flop(s).
Unit <led> synthesized.


=========================================================================
HDL Synthesis Report

Macro Statistics
# Adders/Subtractors                                   : 1
 4-bit adder carry out                                 : 1
# Counters                                             : 5
 16-bit updown counter                                 : 2
 24-bit up counter                                     : 1
 4-bit up counter                                      : 1
 8-bit up counter                                      : 1
# Registers                                            : 28
 1-bit register                                        : 22
 13-bit register                                       : 1
 16-bit register                                       : 1
 2-bit register                                        : 2
 3-bit register                                        : 1
 8-bit register                                        : 1
# Comparators                                          : 1
 4-bit comparator greater                              : 1
# Multiplexers                                         : 1
 4-bit 4-to-1 multiplexer                              : 1
# Xors                                                 : 3
 1-bit xor2                                            : 3

=========================================================================

=========================================================================
*                       Advanced HDL Synthesis                          *
=========================================================================

Analyzing FSM <FSM_1> for best encoding.
Optimizing FSM <s_Main/FSM> on signal <s_Main[1:4]> with one-hot encoding.
-------------------
 State | Encoding
-------------------
 00    | 0001
 01    | 0100
 10    | 0010
 11    | 1000
-------------------
Analyzing FSM <FSM_0> for best encoding.
Optimizing FSM <converter/r_SM_Main/FSM> on signal <r_SM_Main[1:6]> with one-hot encoding.
-------------------
 State | Encoding
-------------------
 000   | 000001
 001   | 000010
 010   | 000100
 011   | 010000
 100   | 100000
 101   | 001000
-------------------
WARNING:Xst:1426 - The value init of the FF/Latch FFd4 hinder the constant cleaning in the block FSM.
   You should achieve better results by setting this init to 0.
WARNING:Xst:2677 - Node <r_displayValue_12> of sequential type is unconnected in block <led>.
WARNING:Xst:2677 - Node <r_displayValue_13> of sequential type is unconnected in block <led>.
WARNING:Xst:2677 - Node <r_displayValue_14> of sequential type is unconnected in block <led>.
WARNING:Xst:2677 - Node <r_displayValue_15> of sequential type is unconnected in block <led>.
WARNING:Xst:2677 - Node <r_displayValue_12> of sequential type is unconnected in block <led>.
WARNING:Xst:2677 - Node <r_displayValue_13> of sequential type is unconnected in block <led>.
WARNING:Xst:2677 - Node <r_displayValue_14> of sequential type is unconnected in block <led>.
WARNING:Xst:2677 - Node <r_displayValue_15> of sequential type is unconnected in block <led>.

=========================================================================
Advanced HDL Synthesis Report

Macro Statistics
# FSMs                                                 : 2
# Adders/Subtractors                                   : 1
 4-bit adder carry out                                 : 1
# Counters                                             : 5
 16-bit updown counter                                 : 2
 24-bit up counter                                     : 1
 4-bit up counter                                      : 1
 8-bit up counter                                      : 1
# Registers                                            : 62
 Flip-Flops                                            : 62
# Comparators                                          : 1
 4-bit comparator greater                              : 1
# Multiplexers                                         : 1
 4-bit 4-to-1 multiplexer                              : 1
# Xors                                                 : 3
 1-bit xor2                                            : 3

=========================================================================

=========================================================================
*                         Low Level Synthesis                           *
=========================================================================
WARNING:Xst:1426 - The value init of the FF/Latch FSM_FFd4 hinder the constant cleaning in the block FSM_1-parent.
   You should achieve better results by setting this init to 0.
WARNING:Xst:2677 - Node <counter_16> of sequential type is unconnected in block <led>.
WARNING:Xst:2677 - Node <counter_17> of sequential type is unconnected in block <led>.
WARNING:Xst:2677 - Node <counter_18> of sequential type is unconnected in block <led>.
WARNING:Xst:2677 - Node <counter_19> of sequential type is unconnected in block <led>.
WARNING:Xst:2677 - Node <counter_20> of sequential type is unconnected in block <led>.
WARNING:Xst:2677 - Node <counter_21> of sequential type is unconnected in block <led>.
WARNING:Xst:2677 - Node <counter_22> of sequential type is unconnected in block <led>.
WARNING:Xst:2677 - Node <counter_23> of sequential type is unconnected in block <led>.

Optimizing unit <led> ...

Optimizing unit <Binary_to_BCD> ...

Optimizing unit <quadDecode> ...
WARNING:Xst:2677 - Node <decoder/positionCounter/Out_0> of sequential type is unconnected in block <led>.
WARNING:Xst:2677 - Node <decoder/positionCounter/Out_1> of sequential type is unconnected in block <led>.
WARNING:Xst:2677 - Node <decoder/positionCounter/Out_2> of sequential type is unconnected in block <led>.

Mapping all equations...
Building and optimizing final netlist ...
Found area constraint ratio of 100 (+ 5) on block led, actual ratio is 17.
FlipFlop converter/r_Digit_Index_0 has been replicated 1 time(s)
FlipFlop converter/r_Digit_Index_1 has been replicated 1 time(s)
FlipFlop converter/r_SM_Main_FSM_FFd5 has been replicated 1 time(s)

Final Macro Processing ...

=========================================================================
Final Register Report

Macro Statistics
# Registers                                            : 132
 Flip-Flops                                            : 132

=========================================================================

=========================================================================
*                           Partition Report                            *
=========================================================================

Partition Implementation Status
-------------------------------

  No Partitions were found in this design.

-------------------------------

=========================================================================
*                            Final Report                               *
=========================================================================
Final Results
RTL Top Level Output File Name     : led.ngr
Top Level Output File Name         : led
Output Format                      : NGC
Optimization Goal                  : Speed
Keep Hierarchy                     : No

Design Statistics
# IOs                              : 20

Cell Usage :
# BELS                             : 365
#      GND                         : 1
#      INV                         : 5
#      LUT1                        : 37
#      LUT2                        : 22
#      LUT2_D                      : 3
#      LUT3                        : 53
#      LUT3_D                      : 7
#      LUT3_L                      : 2
#      LUT4                        : 85
#      LUT4_D                      : 6
#      LUT4_L                      : 18
#      MUXCY                       : 49
#      MUXF5                       : 23
#      VCC                         : 1
#      XORCY                       : 53
# FlipFlops/Latches                : 132
#      FD                          : 55
#      FDCE                        : 29
#      FDE                         : 2
#      FDR                         : 1
#      FDRE                        : 14
#      FDS                         : 30
#      FDSE                        : 1
# Clock Buffers                    : 2
#      BUFG                        : 1
#      BUFGP                       : 1
# IO Buffers                       : 13
#      IBUF                        : 2
#      OBUF                        : 11
=========================================================================

Device utilization summary:
---------------------------

Selected Device : 3s50atq144-4 

 Number of Slices:                      126  out of    704    17%  
 Number of Slice Flip Flops:            132  out of   1408     9%  
 Number of 4 input LUTs:                238  out of   1408    16%  
 Number of IOs:                          20
 Number of bonded IOBs:                  14  out of    108    12%  
 Number of GCLKs:                         2  out of     24     8%  

---------------------------
Partition Resource Summary:
---------------------------

  No Partitions were found in this design.

---------------------------


=========================================================================
TIMING REPORT

NOTE: THESE TIMING NUMBERS ARE ONLY A SYNTHESIS ESTIMATE.
      FOR ACCURATE TIMING INFORMATION PLEASE REFER TO THE TRACE REPORT
      GENERATED AFTER PLACE-and-ROUTE.

Clock Information:
------------------
-----------------------------------+------------------------------------+-------+
Clock Signal                       | Clock buffer(FF name)              | Load  |
-----------------------------------+------------------------------------+-------+
Clk                                | BUFGP                              | 69    |
converter/r_DV                     | NONE(r_displayValue_0)             | 12    |
Clk_5                              | NONE(s_Main_FSM_FFd4)              | 15    |
Clk_101                            | BUFG                               | 23    |
decoder/newValueDetected           | NONE(decoder/positionCounter/Out_3)| 13    |
-----------------------------------+------------------------------------+-------+
INFO:Xst:2169 - HDL ADVISOR - Some clock signals were not automatically buffered by XST with BUFG/BUFR resources. Please use the buffer_type constraint in order to insert these buffers to the clock signals to help prevent skew problems.

Asynchronous Control Signals Information:
----------------------------------------
-----------------------------------+-------------------------------------+-------+
Control Signal                     | Buffer(FF name)                     | Load  |
-----------------------------------+-------------------------------------+-------+
decoder/_or0000(decoder/_or00001:O)| NONE(decoder/debounceCounter/Out_0) | 16    |
N0(XST_GND:G)                      | NONE(decoder/positionCounter/Out_10)| 13    |
-----------------------------------+-------------------------------------+-------+

Timing Summary:
---------------
Speed Grade: -4

   Minimum period: 7.009ns (Maximum Frequency: 142.681MHz)
   Minimum input arrival time before clock: 1.521ns
   Maximum output required time after clock: 5.558ns
   Maximum combinational path delay: No path found

Timing Detail:
--------------
All values displayed in nanoseconds (ns)

=========================================================================
Timing constraint: Default period analysis for Clock 'Clk'
  Clock period: 7.009ns (frequency: 142.681MHz)
  Total number of paths / destination ports: 1769 / 116
-------------------------------------------------------------------------
Delay:               7.009ns (Levels of Logic = 4)
  Source:            converter/r_Digit_Index_0 (FF)
  Destination:       converter/r_BCD_4 (FF)
  Source Clock:      Clk rising
  Destination Clock: Clk rising

  Data Path: converter/r_Digit_Index_0 to converter/r_BCD_4
                                Gate     Net
    Cell:in->out      fanout   Delay   Delay  Logical Name (Net Name)
    ----------------------------------------  ------------
     FDRE:C->Q            27   0.591   1.293  converter/r_Digit_Index_0 (converter/r_Digit_Index_0)
     LUT3:I2->O            1   0.648   0.000  converter/Mmux_w_BCD_Digit_33 (converter/Mmux_w_BCD_Digit_33)
     MUXF5:I1->O          19   0.276   1.085  converter/Mmux_w_BCD_Digit_2_f5_2 (converter/Madd_add0000_addsub0000_lut<3>)
     MUXF5:S->O            1   0.756   0.423  converter/r_BCD_10_mux000011_SW0 (N148)
     LUT4:I3->O            1   0.648   0.420  converter/r_BCD_4_mux000017 (converter/r_BCD_4_mux000017)
     FDS:S                     0.869          converter/r_BCD_4
    ----------------------------------------
    Total                      7.009ns (3.788ns logic, 3.221ns route)
                                       (54.0% logic, 46.0% route)

=========================================================================
Timing constraint: Default period analysis for Clock 'Clk_5'
  Clock period: 6.044ns (frequency: 165.453MHz)
  Total number of paths / destination ports: 98 / 26
-------------------------------------------------------------------------
Delay:               6.044ns (Levels of Logic = 4)
  Source:            s_Main_FSM_FFd2 (FF)
  Destination:       r_SevenSegment_4 (FF)
  Source Clock:      Clk_5 rising
  Destination Clock: Clk_5 rising

  Data Path: s_Main_FSM_FFd2 to r_SevenSegment_4
                                Gate     Net
    Cell:in->out      fanout   Delay   Delay  Logical Name (Net Name)
    ----------------------------------------  ------------
     FDS:C->Q             18   0.591   1.071  s_Main_FSM_FFd2 (s_Main_FSM_FFd2)
     LUT4:I3->O            1   0.648   0.423  r_SevenSegment_mux0000<3>224 (r_SevenSegment_mux0000<3>224)
     LUT4:I3->O            5   0.648   0.636  r_SevenSegment_mux0000<3>227 (N11)
     LUT4:I3->O            2   0.648   0.479  r_SevenSegment_mux0000<3>369 (N2)
     LUT3:I2->O            1   0.648   0.000  r_SevenSegment_mux0000<3>201 (r_SevenSegment_mux0000<3>20)
     FDS:D                     0.252          r_SevenSegment_4
    ----------------------------------------
    Total                      6.044ns (3.435ns logic, 2.609ns route)
                                       (56.8% logic, 43.2% route)

=========================================================================
Timing constraint: Default period analysis for Clock 'Clk_101'
  Clock period: 4.402ns (frequency: 227.169MHz)
  Total number of paths / destination ports: 189 / 23
-------------------------------------------------------------------------
Delay:               4.402ns (Levels of Logic = 16)
  Source:            decoder/debounceCounter/Out_14 (FF)
  Destination:       decoder/debounceCounter/Out_0 (FF)
  Source Clock:      Clk_101 rising
  Destination Clock: Clk_101 rising

  Data Path: decoder/debounceCounter/Out_14 to decoder/debounceCounter/Out_0
                                Gate     Net
    Cell:in->out      fanout   Delay   Delay  Logical Name (Net Name)
    ----------------------------------------  ------------
     FDCE:C->Q             2   0.591   0.590  decoder/debounceCounter/Out_14 (decoder/debounceCounter/Out_14)
     LUT1:I0->O            1   0.648   0.000  decoder/debounceCounter/Mcount_Out_cy<1>_rt (decoder/debounceCounter/Mcount_Out_cy<1>_rt)
     MUXCY:S->O            1   0.632   0.000  decoder/debounceCounter/Mcount_Out_cy<1> (decoder/debounceCounter/Mcount_Out_cy<1>)
     MUXCY:CI->O           1   0.065   0.000  decoder/debounceCounter/Mcount_Out_cy<2> (decoder/debounceCounter/Mcount_Out_cy<2>)
     MUXCY:CI->O           1   0.065   0.000  decoder/debounceCounter/Mcount_Out_cy<3> (decoder/debounceCounter/Mcount_Out_cy<3>)
     MUXCY:CI->O           1   0.065   0.000  decoder/debounceCounter/Mcount_Out_cy<4> (decoder/debounceCounter/Mcount_Out_cy<4>)
     MUXCY:CI->O           1   0.065   0.000  decoder/debounceCounter/Mcount_Out_cy<5> (decoder/debounceCounter/Mcount_Out_cy<5>)
     MUXCY:CI->O           1   0.065   0.000  decoder/debounceCounter/Mcount_Out_cy<6> (decoder/debounceCounter/Mcount_Out_cy<6>)
     MUXCY:CI->O           1   0.065   0.000  decoder/debounceCounter/Mcount_Out_cy<7> (decoder/debounceCounter/Mcount_Out_cy<7>)
     MUXCY:CI->O           1   0.065   0.000  decoder/debounceCounter/Mcount_Out_cy<8> (decoder/debounceCounter/Mcount_Out_cy<8>)
     MUXCY:CI->O           1   0.065   0.000  decoder/debounceCounter/Mcount_Out_cy<9> (decoder/debounceCounter/Mcount_Out_cy<9>)
     MUXCY:CI->O           1   0.065   0.000  decoder/debounceCounter/Mcount_Out_cy<10> (decoder/debounceCounter/Mcount_Out_cy<10>)
     MUXCY:CI->O           1   0.065   0.000  decoder/debounceCounter/Mcount_Out_cy<11> (decoder/debounceCounter/Mcount_Out_cy<11>)
     MUXCY:CI->O           1   0.065   0.000  decoder/debounceCounter/Mcount_Out_cy<12> (decoder/debounceCounter/Mcount_Out_cy<12>)
     MUXCY:CI->O           1   0.065   0.000  decoder/debounceCounter/Mcount_Out_cy<13> (decoder/debounceCounter/Mcount_Out_cy<13>)
     MUXCY:CI->O           0   0.065   0.000  decoder/debounceCounter/Mcount_Out_cy<14> (decoder/debounceCounter/Mcount_Out_cy<14>)
     XORCY:CI->O           1   0.844   0.000  decoder/debounceCounter/Mcount_Out_xor<15> (decoder/Result<15>1)
     FDCE:D                    0.252          decoder/debounceCounter/Out_0
    ----------------------------------------
    Total                      4.402ns (3.812ns logic, 0.590ns route)
                                       (86.6% logic, 13.4% route)

=========================================================================
Timing constraint: Default period analysis for Clock 'decoder/newValueDetected'
  Clock period: 4.291ns (frequency: 233.046MHz)
  Total number of paths / destination ports: 169 / 13
-------------------------------------------------------------------------
Delay:               4.291ns (Levels of Logic = 13)
  Source:            decoder/positionCounter/Out_14 (FF)
  Destination:       decoder/positionCounter/Out_3 (FF)
  Source Clock:      decoder/newValueDetected rising
  Destination Clock: decoder/newValueDetected rising

  Data Path: decoder/positionCounter/Out_14 to decoder/positionCounter/Out_3
                                Gate     Net
    Cell:in->out      fanout   Delay   Delay  Logical Name (Net Name)
    ----------------------------------------  ------------
     FDCE:C->Q             3   0.591   0.674  decoder/positionCounter/Out_14 (decoder/positionCounter/Out_14)
     LUT2:I0->O            1   0.648   0.000  decoder/positionCounter/Mcount_Out_lut<1> (decoder/positionCounter/Mcount_Out_lut<1>)
     MUXCY:S->O            1   0.632   0.000  decoder/positionCounter/Mcount_Out_cy<1> (decoder/positionCounter/Mcount_Out_cy<1>)
     MUXCY:CI->O           1   0.065   0.000  decoder/positionCounter/Mcount_Out_cy<2> (decoder/positionCounter/Mcount_Out_cy<2>)
     MUXCY:CI->O           1   0.065   0.000  decoder/positionCounter/Mcount_Out_cy<3> (decoder/positionCounter/Mcount_Out_cy<3>)
     MUXCY:CI->O           1   0.065   0.000  decoder/positionCounter/Mcount_Out_cy<4> (decoder/positionCounter/Mcount_Out_cy<4>)
     MUXCY:CI->O           1   0.065   0.000  decoder/positionCounter/Mcount_Out_cy<5> (decoder/positionCounter/Mcount_Out_cy<5>)
     MUXCY:CI->O           1   0.065   0.000  decoder/positionCounter/Mcount_Out_cy<6> (decoder/positionCounter/Mcount_Out_cy<6>)
     MUXCY:CI->O           1   0.065   0.000  decoder/positionCounter/Mcount_Out_cy<7> (decoder/positionCounter/Mcount_Out_cy<7>)
     MUXCY:CI->O           1   0.065   0.000  decoder/positionCounter/Mcount_Out_cy<8> (decoder/positionCounter/Mcount_Out_cy<8>)
     MUXCY:CI->O           1   0.065   0.000  decoder/positionCounter/Mcount_Out_cy<9> (decoder/positionCounter/Mcount_Out_cy<9>)
     MUXCY:CI->O           1   0.065   0.000  decoder/positionCounter/Mcount_Out_cy<10> (decoder/positionCounter/Mcount_Out_cy<10>)
     MUXCY:CI->O           0   0.065   0.000  decoder/positionCounter/Mcount_Out_cy<11> (decoder/positionCounter/Mcount_Out_cy<11>)
     XORCY:CI->O           1   0.844   0.000  decoder/positionCounter/Mcount_Out_xor<12> (decoder/Result<12>)
     FDCE:D                    0.252          decoder/positionCounter/Out_3
    ----------------------------------------
    Total                      4.291ns (3.617ns logic, 0.674ns route)
                                       (84.3% logic, 15.7% route)

=========================================================================
Timing constraint: Default OFFSET IN BEFORE for Clock 'Clk_101'
  Total number of paths / destination ports: 2 / 2
-------------------------------------------------------------------------
Offset:              1.521ns (Levels of Logic = 1)
  Source:            i_B (PAD)
  Destination:       decoder/b_new_0 (FF)
  Destination Clock: Clk_101 rising

  Data Path: i_B to decoder/b_new_0
                                Gate     Net
    Cell:in->out      fanout   Delay   Delay  Logical Name (Net Name)
    ----------------------------------------  ------------
     IBUF:I->O             1   0.849   0.420  i_B_IBUF (i_B_IBUF)
     FD:D                      0.252          decoder/b_new_0
    ----------------------------------------
    Total                      1.521ns (1.101ns logic, 0.420ns route)
                                       (72.4% logic, 27.6% route)

=========================================================================
Timing constraint: Default OFFSET OUT AFTER for Clock 'Clk_5'
  Total number of paths / destination ports: 11 / 11
-------------------------------------------------------------------------
Offset:              5.558ns (Levels of Logic = 1)
  Source:            r_SevenSegment_7 (FF)
  Destination:       SevenSegment<7> (PAD)
  Source Clock:      Clk_5 rising

  Data Path: r_SevenSegment_7 to SevenSegment<7>
                                Gate     Net
    Cell:in->out      fanout   Delay   Delay  Logical Name (Net Name)
    ----------------------------------------  ------------
     FDS:C->Q              2   0.591   0.447  r_SevenSegment_7 (r_SevenSegment_7)
     OBUF:I->O                 4.520          SevenSegment_7_OBUF (SevenSegment<7>)
    ----------------------------------------
    Total                      5.558ns (5.111ns logic, 0.447ns route)
                                       (92.0% logic, 8.0% route)

=========================================================================


Total REAL time to Xst completion: 6.00 secs
Total CPU time to Xst completion: 5.89 secs
 
--> 


Total memory usage is 532840 kilobytes

Number of errors   :    0 (   0 filtered)
Number of warnings :   38 (   0 filtered)
Number of infos    :    1 (   0 filtered)

