Welcome to Xilinx CORE Generator.
Help system initialized.
The IP Catalog has been reloaded.
Opening project file
/home/kuro/Documents/FPGA/ElbertV2/ledTest/ipcore_dir/coregen.cgp.
WARNING:coreutil:928 - Unable to find 'xilinx.com:ip:dcm_sp_v13_1:1.0' within
   repository.
Recustomize and Generate (Under Original Project Settings)INFO:sim:172 - Generating IP...
WARNING:sim - A core named 'blk_mem_gen_v7_3' already exists in the project.
   Output products for this core may be overwritten.
Resolving generics for 'blk_mem_gen_v7_3'...
WARNING:sim - A core named 'blk_mem_gen_v7_3' already exists in the project.
   Output products for this core may be overwritten.
Applying external generics to 'blk_mem_gen_v7_3'...
Delivering associated files for 'blk_mem_gen_v7_3'...
Delivering EJava files for 'blk_mem_gen_v7_3'...
Generating implementation netlist for 'blk_mem_gen_v7_3'...
INFO:sim - Pre-processing HDL files for 'blk_mem_gen_v7_3'...
Running synthesis for 'blk_mem_gen_v7_3'
Running ngcbuild...
Writing VEO instantiation template for 'blk_mem_gen_v7_3'...
Writing Verilog behavioral simulation model for 'blk_mem_gen_v7_3'...
WARNING:sim - Overwriting existing file
   /home/kuro/Documents/FPGA/ElbertV2/ledTest/ipcore_dir/tmp/_cg/blk_mem_gen_v7_
   3/doc/blk_mem_gen_v7_3_vinfo.html with file from view xilinx_documentation
Delivered 1 file into directory
/home/kuro/Documents/FPGA/ElbertV2/ledTest/ipcore_dir/tmp/_cg/blk_mem_gen_v7_3
Generating ASY schematic symbol...
INFO:sim:949 - Finished generation of ASY schematic symbol.
Generating metadata file...
Regenerating ISE project file for 'blk_mem_gen_v7_3'...
Generating ISE project...
XCO file found: blk_mem_gen_v7_3.xco
XMDF file found: blk_mem_gen_v7_3_xmdf.tcl
Adding
/home/kuro/Documents/FPGA/ElbertV2/ledTest/ipcore_dir/tmp/_cg/blk_mem_gen_v7_3.a
sy -view all -origin_type imported
Adding
/home/kuro/Documents/FPGA/ElbertV2/ledTest/ipcore_dir/tmp/_cg/blk_mem_gen_v7_3.n
gc -view all -origin_type created
Checking file
"/home/kuro/Documents/FPGA/ElbertV2/ledTest/ipcore_dir/tmp/_cg/blk_mem_gen_v7_3.
ngc" for project device match ...
File
"/home/kuro/Documents/FPGA/ElbertV2/ledTest/ipcore_dir/tmp/_cg/blk_mem_gen_v7_3.
ngc" device information matches project device.
Adding
/home/kuro/Documents/FPGA/ElbertV2/ledTest/ipcore_dir/tmp/_cg/blk_mem_gen_v7_3.v
-view all -origin_type created
INFO:HDLCompiler:1845 - Analyzing Verilog file
   "/home/kuro/Documents/FPGA/ElbertV2/ledTest/ipcore_dir/tmp/_cg/blk_mem_gen_v7
   _3.v" into library work
INFO:ProjectMgmt - Parsing design hierarchy completed successfully.
Adding
/home/kuro/Documents/FPGA/ElbertV2/ledTest/ipcore_dir/tmp/_cg/blk_mem_gen_v7_3.v
eo -view all -origin_type imported
INFO:TclTasksC:2116 - The automatic calculation of top has been turned-off.
   Please set the new top explicitly by running the "project set top" command.
   To re-calculate the new top automatically, set the "Auto Implementation Top"
   property to true.
Top level has been set to "/blk_mem_gen_v7_3"
Generating README file...
Generating FLIST file...
INFO:sim:948 - Finished FLIST file generation.
Launching README viewer...
Moving files to output directory...
Finished moving files to output directory
Saved CGP file for project 'coregen'.
Closed project file.
