Command line:
   ledTb2_isim_beh.exe
     -simmode  gui
     -simrunnum  0
     -socket  47893

Wed Mar 11 21:53:17 2020


 Elaboration Time: 0.03 sec

 Current Memory Usage: 246.583 Meg

 Total Signals          : 28
 Total Nets             : 98
 Total Signal Drivers   : 15
 Total Blocks           : 4
 Total Primitive Blocks : 2
 Total Processes        : 23
 Total Traceable Variables  : 54
 Total Scalar Nets and Variables : 448
Total Line Count : 145

 Total Simulation Time: 0.09 sec

 Current Memory Usage: 322.085 Meg

Wed Mar 11 22:03:22 2020

